app/build/outputs/logs/manifest-merger-debug-report.txt
-- Merging decision tree log ---
manifest
ADDED from src\main\AndroidManifest.xml:2:1-95:12
	package
		ADDED from src\main\AndroidManifest.xml:3:5-37
		INJECTED from src\main\AndroidManifest.xml
		INJECTED from src\main\AndroidManifest.xml
	android:versionName
		INJECTED from src\main\AndroidManifest.xml
		INJECTED from src\main\AndroidManifest.xml
	xmlns:android
		ADDED from src\main\AndroidManifest.xml:2:11-69
	android:versionCode
		INJECTED from src\main\AndroidManifest.xml
		INJECTED from src\main\AndroidManifest.xml
uses-permission#android.permission.SET_PROCESS_FOREGROUND
ADDED from src\main\AndroidManifest.xml:5:5-81
MERGED from [keepprosurviving:keepLiveLib:unspecified] AndroidManifest.xml:11:5-81
	android:name
		ADDED from src\main\AndroidManifest.xml:5:22-78
uses-permission#android.permission.KILL_BACKGROUND_PROCESSES
ADDED from src\main\AndroidManifest.xml:6:5-84
MERGED from [keepprosurviving:keepLiveLib:unspecified] AndroidManifest.xml:12:5-84
	android:name
		ADDED from src\main\AndroidManifest.xml:6:22-81
uses-permission#android.permission.RECEIVE_BOOT_COMPLETED
ADDED from src\main\AndroidManifest.xml:7:5-81
MERGED from [keepprosurviving:keepLiveLib:unspecified] AndroidManifest.xml:13:5-81
MERGED from [keepprosurviving:applivelib_new:unspecified] AndroidManifest.xml:12:5-81
	android:name
		ADDED from src\main\AndroidManifest.xml:7:22-78
uses-permission#android.permission.WRITE_SYNC_SETTINGS
ADDED from src\main\AndroidManifest.xml:8:5-78
MERGED from [keepprosurviving:keepLiveLib:unspecified] AndroidManifest.xml:14:5-78
	android:name
		ADDED from src\main\AndroidManifest.xml:8:22-75
uses-permission#android.permission.AUTHENTICATE_ACCOUNTS
ADDED from src\main\AndroidManifest.xml:9:5-80
MERGED from [keepprosurviving:keepLiveLib:unspecified] AndroidManifest.xml:15:5-80
	android:name
		ADDED from src\main\AndroidManifest.xml:9:22-77
uses-permission#android.permission.GET_ACCOUNTS
ADDED from src\main\AndroidManifest.xml:10:5-71
MERGED from [keepprosurviving:keepLiveLib:unspecified] AndroidManifest.xml:16:5-71
	android:name
		ADDED from src\main\AndroidManifest.xml:10:22-68
application
ADDED from src\main\AndroidManifest.xml:12:5-93:19
MERGED from [keepprosurviving:keepLiveLib:unspecified] AndroidManifest.xml:18:5-87:19
MERGED from [com.android.support.constraint:constraint-layout:1.0.2] AndroidManifest.xml:9:5-20
MERGED from [keepprosurviving:applivelib_new:unspecified] AndroidManifest.xml:14:5-53:19
MERGED from [com.android.support:appcompat-v7:25.4.0] AndroidManifest.xml:25:5-29:19
MERGED from [com.android.support:support-v4:25.4.0] AndroidManifest.xml:25:5-29:19
MERGED from [com.android.support:support-fragment:25.4.0] AndroidManifest.xml:25:5-29:19
MERGED from [com.android.support:support-media-compat:25.4.0] AndroidManifest.xml:25:5-29:19
MERGED from [com.android.support:support-core-utils:25.4.0] AndroidManifest.xml:25:5-29:19
MERGED from [com.android.support:animated-vector-drawable:25.4.0] AndroidManifest.xml:22:5-26:19
MERGED from [com.android.support:support-vector-drawable:25.4.0] AndroidManifest.xml:22:5-26:19
MERGED from [com.android.support:support-core-ui:25.4.0] AndroidManifest.xml:25:5-29:19
MERGED from [com.android.support:support-compat:25.4.0] AndroidManifest.xml:25:5-29:19
	android:label
		ADDED from src\main\AndroidManifest.xml:15:9-41
	android:supportsRtl
		ADDED from src\main\AndroidManifest.xml:18:9-35
	android:allowBackup
		ADDED from src\main\AndroidManifest.xml:13:9-35
	android:icon
		ADDED from src\main\AndroidManifest.xml:14:9-43
	android:largeHeap
		ADDED from src\main\AndroidManifest.xml:16:9-33
	android:persistent
		ADDED from src\main\AndroidManifest.xml:17:9-34
	android:theme
		ADDED from src\main\AndroidManifest.xml:19:9-40
activity#com.sww.processproject.MainActivity
ADDED from src\main\AndroidManifest.xml:20:9-26:20
	android:name
		ADDED from src\main\AndroidManifest.xml:20:19-47
activity#com.sww.processproject.onepix.OnePixActivity
ADDED from src\main\AndroidManifest.xml:27:9-59
	android:name
		ADDED from src\main\AndroidManifest.xml:27:19-56
service#com.sww.processproject.doubleprocess.FirstService
ADDED from src\main\AndroidManifest.xml:29:9-33:40
	android:enabled
		ADDED from src\main\AndroidManifest.xml:31:13-35
	android:process
		ADDED from src\main\AndroidManifest.xml:33:13-37
	android:exported
		ADDED from src\main\AndroidManifest.xml:32:13-36
	android:name
		ADDED from src\main\AndroidManifest.xml:30:13-55
service#com.sww.processproject.doubleprocess.FirstService$InnerService
ADDED from src\main\AndroidManifest.xml:34:9-38:40
	android:enabled
		ADDED from src\main\AndroidManifest.xml:36:13-35
	android:process
		ADDED from src\main\AndroidManifest.xml:38:13-37
	android:exported
		ADDED from src\main\AndroidManifest.xml:37:13-36
	android:name
		ADDED from src\main\AndroidManifest.xml:35:13-68
service#com.sww.processproject.doubleprocess.SecondService
ADDED from src\main\AndroidManifest.xml:39:9-43:41
	android:enabled
		ADDED from src\main\AndroidManifest.xml:41:13-35
	android:process
		ADDED from src\main\AndroidManifest.xml:43:13-38
	android:exported
		ADDED from src\main\AndroidManifest.xml:42:13-36
	android:name
		ADDED from src\main\AndroidManifest.xml:40:13-56
service#com.sww.processproject.doubleprocess.MyJobDaemonService
ADDED from src\main\AndroidManifest.xml:44:9-49:39
	android:enabled
		ADDED from src\main\AndroidManifest.xml:46:13-35
	android:process
		ADDED from src\main\AndroidManifest.xml:49:13-36
	android:exported
		ADDED from src\main\AndroidManifest.xml:47:13-36
	android:permission
		ADDED from src\main\AndroidManifest.xml:48:13-69
	android:name
		ADDED from src\main\AndroidManifest.xml:45:13-61
service#com.sww.processproject.account.AccountAuthenticatorService
ADDED from src\main\AndroidManifest.xml:50:9-60:19
	android:exported
		ADDED from src\main\AndroidManifest.xml:52:13-37
	android:name
		ADDED from src\main\AndroidManifest.xml:51:13-64
intent-filter#android.accounts.AccountAuthenticator
ADDED from src\main\AndroidManifest.xml:53:13-55:29
action#android.accounts.AccountAuthenticator
ADDED from src\main\AndroidManifest.xml:54:17-80
	android:name
		ADDED from src\main\AndroidManifest.xml:54:25-77
meta-data#android.accounts.AccountAuthenticator
ADDED from src\main\AndroidManifest.xml:57:13-59:57
	android:resource
		ADDED from src\main\AndroidManifest.xml:59:17-54
	android:name
		ADDED from src\main\AndroidManifest.xml:58:17-69
service#com.sww.processproject.account.SyncService
ADDED from src\main\AndroidManifest.xml:61:9-75:19
	android:process
		ADDED from src\main\AndroidManifest.xml:64:13-36
	android:exported
		ADDED from src\main\AndroidManifest.xml:63:13-36
	android:name
		ADDED from src\main\AndroidManifest.xml:62:13-48
intent-filter#android.content.SyncAdapter
ADDED from src\main\AndroidManifest.xml:67:13-69:29
action#android.content.SyncAdapter
ADDED from src\main\AndroidManifest.xml:68:17-70
	android:name
		ADDED from src\main\AndroidManifest.xml:68:25-67
meta-data#android.content.SyncAdapter
ADDED from src\main\AndroidManifest.xml:72:13-74:48
	android:resource
		ADDED from src\main\AndroidManifest.xml:74:17-45
	android:name
		ADDED from src\main\AndroidManifest.xml:73:17-59
provider#com.sww.processproject.account.AppAccountProvider
ADDED from src\main\AndroidManifest.xml:77:9-82:39
	android:authorities
		ADDED from src\main\AndroidManifest.xml:79:13-57
	android:process
		ADDED from src\main\AndroidManifest.xml:81:13-36
	android:syncable
		ADDED from src\main\AndroidManifest.xml:82:13-36
	android:exported
		ADDED from src\main\AndroidManifest.xml:80:13-37
	android:name
		ADDED from src\main\AndroidManifest.xml:78:13-55
service#com.sww.processproject.onepix.OnePixLiveService
ADDED from src\main\AndroidManifest.xml:84:9-61
	android:name
		ADDED from src\main\AndroidManifest.xml:84:18-58
activity#com.sww.processproject.Main2Activity
ADDED from src\main\AndroidManifest.xml:86:9-92:20
	android:name
		ADDED from src\main\AndroidManifest.xml:86:19-48
intent-filter#android.intent.action.MAIN+android.intent.category.LAUNCHER
ADDED from src\main\AndroidManifest.xml:87:13-91:29
action#android.intent.action.MAIN
ADDED from src\main\AndroidManifest.xml:88:17-69
	android:name
		ADDED from src\main\AndroidManifest.xml:88:25-66
category#android.intent.category.LAUNCHER
ADDED from src\main\AndroidManifest.xml:90:17-77
	android:name
		ADDED from src\main\AndroidManifest.xml:90:27-74
uses-sdk
INJECTED from src\main\AndroidManifest.xml reason: use-sdk injection requested
MERGED from [keepprosurviving:keepLiveLib:unspecified] AndroidManifest.xml:7:5-9:41
MERGED from [com.android.support.constraint:constraint-layout:1.0.2] AndroidManifest.xml:5:5-7:41
MERGED from [keepprosurviving:applivelib_new:unspecified] AndroidManifest.xml:7:5-9:41
MERGED from [com.android.support:appcompat-v7:25.4.0] AndroidManifest.xml:21:5-23:78
MERGED from [com.android.support:support-v4:25.4.0] AndroidManifest.xml:21:5-23:54
MERGED from [com.android.support:support-fragment:25.4.0] AndroidManifest.xml:21:5-23:60
MERGED from [com.android.support:support-media-compat:25.4.0] AndroidManifest.xml:21:5-23:63
MERGED from [com.android.support:support-core-utils:25.4.0] AndroidManifest.xml:21:5-23:61
MERGED from [com.android.support:animated-vector-drawable:25.4.0] AndroidManifest.xml:20:5-44
MERGED from [com.android.support:support-vector-drawable:25.4.0] AndroidManifest.xml:20:5-43
MERGED from [com.android.support:support-core-ui:25.4.0] AndroidManifest.xml:21:5-23:58
MERGED from [com.android.support:support-compat:25.4.0] AndroidManifest.xml:21:5-23:58
	tools:overrideLibrary
		ADDED from [com.android.support:appcompat-v7:25.4.0] AndroidManifest.xml:23:9-75
	android:targetSdkVersion
		INJECTED from src\main\AndroidManifest.xml
		INJECTED from src\main\AndroidManifest.xml
	android:minSdkVersion
		INJECTED from src\main\AndroidManifest.xml
		INJECTED from src\main\AndroidManifest.xml
activity#com.sww.processlib.onepix.OnePixActivity
ADDED from [keepprosurviving:keepLiveLib:unspecified] AndroidManifest.xml:26:9-77
	android:name
		ADDED from [keepprosurviving:keepLiveLib:unspecified] AndroidManifest.xml:26:19-74
service#com.sww.processlib.doubleprocess.FirstService
ADDED from [keepprosurviving:keepLiveLib:unspecified] AndroidManifest.xml:28:9-32:44
	android:enabled
		ADDED from [keepprosurviving:keepLiveLib:unspecified] AndroidManifest.xml:30:13-35
	android:process
		ADDED from [keepprosurviving:keepLiveLib:unspecified] AndroidManifest.xml:32:13-41
	android:exported
		ADDED from [keepprosurviving:keepLiveLib:unspecified] AndroidManifest.xml:31:13-36
	android:name
		ADDED from [keepprosurviving:keepLiveLib:unspecified] AndroidManifest.xml:29:13-73
service#com.sww.processlib.doubleprocess.FirstService$InnerService
ADDED from [keepprosurviving:keepLiveLib:unspecified] AndroidManifest.xml:33:9-37:44
	android:enabled
		ADDED from [keepprosurviving:keepLiveLib:unspecified] AndroidManifest.xml:35:13-35
	android:process
		ADDED from [keepprosurviving:keepLiveLib:unspecified] AndroidManifest.xml:37:13-41
	android:exported
		ADDED from [keepprosurviving:keepLiveLib:unspecified] AndroidManifest.xml:36:13-36
	android:name
		ADDED from [keepprosurviving:keepLiveLib:unspecified] AndroidManifest.xml:34:13-86
service#com.sww.processlib.doubleprocess.SecondService
ADDED from [keepprosurviving:keepLiveLib:unspecified] AndroidManifest.xml:38:9-42:45
	android:enabled
		ADDED from [keepprosurviving:keepLiveLib:unspecified] AndroidManifest.xml:40:13-35
	android:process
		ADDED from [keepprosurviving:keepLiveLib:unspecified] AndroidManifest.xml:42:13-42
	android:exported
		ADDED from [keepprosurviving:keepLiveLib:unspecified] AndroidManifest.xml:41:13-36
	android:name
		ADDED from [keepprosurviving:keepLiveLib:unspecified] AndroidManifest.xml:39:13-74
service#com.sww.processlib.doubleprocess.MyJobDaemonService
ADDED from [keepprosurviving:keepLiveLib:unspecified] AndroidManifest.xml:43:9-48:43
	android:enabled
		ADDED from [keepprosurviving:keepLiveLib:unspecified] AndroidManifest.xml:45:13-35
	android:process
		ADDED from [keepprosurviving:keepLiveLib:unspecified] AndroidManifest.xml:48:13-40
	android:exported
		ADDED from [keepprosurviving:keepLiveLib:unspecified] AndroidManifest.xml:46:13-36
	android:permission
		ADDED from [keepprosurviving:keepLiveLib:unspecified] AndroidManifest.xml:47:13-69
	android:name
		ADDED from [keepprosurviving:keepLiveLib:unspecified] AndroidManifest.xml:44:13-79
service#com.sww.processlib.alarmliving.LiveAlarmService
ADDED from [keepprosurviving:keepLiveLib:unspecified] AndroidManifest.xml:49:9-51:44
	android:process
		ADDED from [keepprosurviving:keepLiveLib:unspecified] AndroidManifest.xml:51:13-41
	android:name
		ADDED from [keepprosurviving:keepLiveLib:unspecified] AndroidManifest.xml:50:13-75
service#com.sww.processlib.account.AccountAuthenticatorService
ADDED from [keepprosurviving:keepLiveLib:unspecified] AndroidManifest.xml:52:9-62:19
	android:exported
		ADDED from [keepprosurviving:keepLiveLib:unspecified] AndroidManifest.xml:54:13-37
	android:name
		ADDED from [keepprosurviving:keepLiveLib:unspecified] AndroidManifest.xml:53:13-82
service#com.sww.processlib.account.SyncService
ADDED from [keepprosurviving:keepLiveLib:unspecified] AndroidManifest.xml:63:9-77:19
	android:process
		ADDED from [keepprosurviving:keepLiveLib:unspecified] AndroidManifest.xml:66:13-40
	android:exported
		ADDED from [keepprosurviving:keepLiveLib:unspecified] AndroidManifest.xml:65:13-36
	android:name
		ADDED from [keepprosurviving:keepLiveLib:unspecified] AndroidManifest.xml:64:13-66
provider#com.sww.processlib.account.AppAccountProvider
ADDED from [keepprosurviving:keepLiveLib:unspecified] AndroidManifest.xml:79:9-84:39
	android:authorities
		ADDED from [keepprosurviving:keepLiveLib:unspecified] AndroidManifest.xml:81:13-53
	android:process
		ADDED from [keepprosurviving:keepLiveLib:unspecified] AndroidManifest.xml:83:13-40
	android:syncable
		ADDED from [keepprosurviving:keepLiveLib:unspecified] AndroidManifest.xml:84:13-36
	android:exported
		ADDED from [keepprosurviving:keepLiveLib:unspecified] AndroidManifest.xml:82:13-37
	android:name
		ADDED from [keepprosurviving:keepLiveLib:unspecified] AndroidManifest.xml:80:13-73
service#com.sww.processlib.onepix.OnePixLiveService
ADDED from [keepprosurviving:keepLiveLib:unspecified] AndroidManifest.xml:86:9-79
	android:name
		ADDED from [keepprosurviving:keepLiveLib:unspecified] AndroidManifest.xml:86:18-76
service#com.amber.applivelib.live.assist.LiveJobService
ADDED from [keepprosurviving:applivelib_new:unspecified] AndroidManifest.xml:29:9-32:72
	android:enabled
		ADDED from [keepprosurviving:applivelib_new:unspecified] AndroidManifest.xml:31:13-35
	android:permission
		ADDED from [keepprosurviving:applivelib_new:unspecified] AndroidManifest.xml:32:13-69
	android:name
		ADDED from [keepprosurviving:applivelib_new:unspecified] AndroidManifest.xml:30:13-75
service#com.amber.applivelib.live.assist.LiveAlarmService
ADDED from [keepprosurviving:applivelib_new:unspecified] AndroidManifest.xml:33:9-85
	android:name
		ADDED from [keepprosurviving:applivelib_new:unspecified] AndroidManifest.xml:33:18-82
activity#com.amber.applivelib.live.assist.ui.OnePiexlActivity
ADDED from [keepprosurviving:applivelib_new:unspecified] AndroidManifest.xml:35:9-39:55
	android:screenOrientation
		ADDED from [keepprosurviving:applivelib_new:unspecified] AndroidManifest.xml:38:13-49
	android:exported
		ADDED from [keepprosurviving:applivelib_new:unspecified] AndroidManifest.xml:37:13-36
	android:theme
		ADDED from [keepprosurviving:applivelib_new:unspecified] AndroidManifest.xml:39:13-52
	android:name
		ADDED from [keepprosurviving:applivelib_new:unspecified] AndroidManifest.xml:36:13-80
service#com.amber.applivelib.live.core.kitkat.LiveServiceK
ADDED from [keepprosurviving:applivelib_new:unspecified] AndroidManifest.xml:41:9-44:43
	android:process
		ADDED from [keepprosurviving:applivelib_new:unspecified] AndroidManifest.xml:44:13-40
	android:exported
		ADDED from [keepprosurviving:applivelib_new:unspecified] AndroidManifest.xml:43:13-36
	android:name
		ADDED from [keepprosurviving:applivelib_new:unspecified] AndroidManifest.xml:42:13-78
service#com.amber.applivelib.live.core.kitkat.LiveServiceK$InnerService
ADDED from [keepprosurviving:applivelib_new:unspecified] AndroidManifest.xml:45:9-48:43
	android:process
		ADDED from [keepprosurviving:applivelib_new:unspecified] AndroidManifest.xml:48:13-40
	android:exported
		ADDED from [keepprosurviving:applivelib_new:unspecified] AndroidManifest.xml:47:13-36
	android:name
		ADDED from [keepprosurviving:applivelib_new:unspecified] AndroidManifest.xml:46:13-91
service#com.amber.applivelib.live.core.lollipop.LiveServiceL
ADDED from [keepprosurviving:applivelib_new:unspecified] AndroidManifest.xml:51:9-88
	android:name
		ADDED from [keepprosurviving:applivelib_new:unspecified] AndroidManifest.xml:51:18-85
service#com.amber.applivelib.live.core.lollipop.LiveServiceL$InnerService
ADDED from [keepprosurviving:applivelib_new:unspecified] AndroidManifest.xml:52:9-101
	android:name
		ADDED from [keepprosurviving:applivelib_new:unspecified] AndroidManifest.xml:52:18-98
meta-data#android.support.VERSION
ADDED from [com.android.support:appcompat-v7:25.4.0] AndroidManifest.xml:26:9-28:38
MERGED from [com.android.support:support-v4:25.4.0] AndroidManifest.xml:26:9-28:38
MERGED from [com.android.support:support-fragment:25.4.0] AndroidManifest.xml:26:9-28:38
MERGED from [com.android.support:support-media-compat:25.4.0] AndroidManifest.xml:26:9-28:38
MERGED from [com.android.support:support-core-utils:25.4.0] AndroidManifest.xml:26:9-28:38
MERGED from [com.android.support:animated-vector-drawable:25.4.0] AndroidManifest.xml:23:9-25:38
MERGED from [com.android.support:support-vector-drawable:25.4.0] AndroidManifest.xml:23:9-25:38
MERGED from [com.android.support:support-core-ui:25.4.0] AndroidManifest.xml:26:9-28:38
MERGED from [com.android.support:support-compat:25.4.0] AndroidManifest.xml:26:9-28:38
	android:value
		ADDED from [com.android.support:appcompat-v7:25.4.0] AndroidManifest.xml:28:13-35
	android:name
		ADDED from [com.android.support:appcompat-v7:25.4.0] AndroidManifest.xml:27:13-51